<?xml version="1.0" encoding="UTF-8"?>
<!-- Generated by org.testng.reporters.JUnitReportReporter -->
<testsuite hostname="DESKTOP-VKNB6JG" failures="0" tests="1" name="module_launch_Test.MakeMyTripRootselectionTest" time="5.024" errors="0" timestamp="2025-04-06T13:53:32 IST" skipped="0">
  <testcase classname="module_launch_Test.MakeMyTripRootselectionTest" name="Testlogin" time="5.024"/>
  <system-out/>
</testsuite> <!-- module_launch_Test.MakeMyTripRootselectionTest -->
